<?xml version="1.0" encoding="UTF-8"?>
<testExecutions version="1">
  <file path="/home/doug/git/fullcycle-2-sonarcloud/src/index.spec.js">
    <testCase name="Testing math operations 2 + 2" duration="2"/>
    <testCase name="Testing math operations 2 * 2" duration="1"/>
  </file>
</testExecutions>